TN:
SF:/Users/amirahailemariam/dev/LaserKitty/LaserBot/app.js
FN:34,(anonymous_1)
FN:45,(anonymous_2)
FN:56,(anonymous_3)
FNF:3
FNH:0
FNDA:0,(anonymous_1)
FNDA:0,(anonymous_2)
FNDA:0,(anonymous_3)
DA:1,1
DA:2,1
DA:3,1
DA:4,1
DA:5,1
DA:6,1
DA:9,1
DA:12,1
DA:17,1
DA:18,1
DA:22,1
DA:23,1
DA:24,1
DA:25,1
DA:26,1
DA:29,1
DA:34,1
DA:35,0
DA:36,0
DA:37,0
DA:44,1
DA:45,1
DA:46,0
DA:47,0
DA:56,1
DA:57,0
DA:58,0
DA:65,1
LF:28
LH:21
BRDA:44,1,0,1
BRDA:44,1,1,0
BRDA:46,2,0,0
BRDA:46,2,1,0
BRDA:57,3,0,0
BRDA:57,3,1,0
BRF:6
BRH:1
end_of_record
TN:
SF:/Users/amirahailemariam/dev/LaserKitty/LaserBot/routes/gui.js
FN:6,(anonymous_1)
FN:11,(anonymous_2)
FN:12,(anonymous_3)
FN:26,(anonymous_4)
FN:27,(anonymous_5)
FNF:5
FNH:3
FNDA:1,(anonymous_1)
FNDA:1,(anonymous_2)
FNDA:1,(anonymous_3)
FNDA:0,(anonymous_4)
FNDA:0,(anonymous_5)
DA:1,1
DA:6,1
DA:11,1
DA:12,1
DA:14,1
DA:16,0
DA:18,1
DA:26,1
DA:27,0
DA:28,0
DA:29,0
DA:31,0
DA:36,1
LF:13
LH:8
BRDA:14,1,0,0
BRDA:14,1,1,1
BRDA:28,2,0,0
BRDA:28,2,1,0
BRF:4
BRH:1
end_of_record
TN:
SF:/Users/amirahailemariam/dev/LaserKitty/LaserBot/controllers/bot.js
FN:1,(anonymous_1)
FN:10,(anonymous_2)
FN:11,(anonymous_3)
FN:16,(anonymous_4)
FN:20,(anonymous_5)
FNF:5
FNH:3
FNDA:1,(anonymous_1)
FNDA:1,(anonymous_2)
FNDA:1,(anonymous_3)
FNDA:0,(anonymous_4)
FNDA:0,(anonymous_5)
DA:1,1
DA:3,1
DA:5,1
DA:11,1
DA:12,1
DA:17,0
DA:18,0
DA:20,0
DA:21,0
DA:26,1
LF:10
LH:6
BRF:0
BRH:0
end_of_record
TN:
SF:/Users/amirahailemariam/dev/LaserKitty/LaserBot/models/bot.js
FN:1,(anonymous_1)
FN:9,(anonymous_2)
FN:18,(anonymous_3)
FNF:3
FNH:2
FNDA:1,(anonymous_1)
FNDA:1,(anonymous_2)
FNDA:0,(anonymous_3)
DA:1,1
DA:4,1
DA:10,1
DA:15,1
DA:19,0
DA:23,0
DA:24,0
DA:26,0
DA:29,0
DA:30,0
DA:32,0
DA:35,0
DA:36,0
DA:37,0
DA:38,0
DA:41,0
DA:45,1
LF:17
LH:5
BRDA:23,1,0,0
BRDA:23,1,1,0
BRDA:23,2,0,0
BRDA:23,2,1,0
BRDA:29,3,0,0
BRDA:29,3,1,0
BRDA:29,4,0,0
BRDA:29,4,1,0
BRDA:35,5,0,0
BRDA:35,5,1,0
BRDA:35,6,0,0
BRDA:35,6,1,0
BRF:12
BRH:0
end_of_record
TN:
SF:/Users/amirahailemariam/dev/LaserKitty/LaserBot/controllers/gui.js
FN:1,(anonymous_1)
FNF:1
FNH:1
FNDA:1,(anonymous_1)
DA:1,1
DA:4,1
LF:2
LH:2
BRF:0
BRH:0
end_of_record
